<?xml version="1.0" encoding="UTF-8"?>
<testsuites name="UpdateInfo" time="163.466" tests="2" failures="0" errors="0">
   <testsuite name="UpdateInfo" tests="2" failures="0" errors="0" time="163.466" skipped="0" timestamp="2023-08-18 18:56:03" hostname="sangmoon.choi - localhost" id="Test Suites/UpdateInfo">
      <properties>
         <property name="deviceName" value=""/>
         <property name="devicePlatform" value=""/>
         <property name="logFolder" value="/Users/sangmoon.choi/git/Automation_Wconcept/Reports/20230818_185559/UpdateInfo/20230818_185600"/>
         <property name="logFiles" value="/Users/sangmoon.choi/git/Automation_Wconcept/Reports/20230818_185559/UpdateInfo/20230818_185600/execution0.log"/>
         <property name="attachments" value=""/>
         <property name="hostName" value="sangmoon.choi - localhost"/>
         <property name="os" value="Mac OS X 64bit"/>
         <property name="katalonVersion" value="8.6.5.208"/>
         <property name="browser" value="Chrome 115.0.0.0"/>
         <property name="hostAddress" value="127.0.0.1"/>
         <property name="sessionId" value="9a968a0494eadc8e2623562ea8dadcbd"/>
         <property name="seleniumVersion" value="3.141.59"/>
         <property name="proxyInformation" value="ProxyInformation { proxyOption=NO_PROXY, proxyServerType=HTTP, username=, password=********, proxyServerAddress=, proxyServerPort=0, executionList=&quot;&quot;, isApplyToDesiredCapabilities=true }"/>
         <property name="platform" value="Mac OS X"/>
      </properties>
      <testcase name="Test Cases/test_Login/Account_Login" time="120.448" classname="Test Cases/test_Login/Account_Login" status="PASSED">
         <system-out><![CDATA[2023-08-18 18:56:04 - [TEST_CASE][PASSED] - Test Cases/test_Login/Account_Login: Test Cases/test_Login/Account_Login

2023-08-18 18:56:04 - [TEST_STEP][PASSED] - openBrowser(""): Browser is opened with url: ''

2023-08-18 18:56:04 - [MESSAGE][INFO] - Starting 'Chrome' driver

2023-08-18 18:56:04 - [MESSAGE][INFO] - Action delay is set to 0 milliseconds

2023-08-18 18:56:12 - [MESSAGE][PASSED] - Browser is opened with url: ''

2023-08-18 18:56:12 - [TEST_STEP][PASSED] - navigateToUrl("https://www.wconcept.co.kr/"): Navigate to 'https://www.wconcept.co.kr/' successfully

2023-08-18 18:56:48 - [MESSAGE][PASSED] - Navigate to 'https://www.wconcept.co.kr/' successfully

2023-08-18 18:56:48 - [TEST_STEP][PASSED] - click(findTestObject("Object Repository/page_Login/globalHeader_login")): Object: 'Object Repository/page_Login/globalHeader_login' is clicked on

2023-08-18 18:57:07 - [MESSAGE][PASSED] - Object: 'Object Repository/page_Login/globalHeader_login' is clicked on

2023-08-18 18:57:07 - [TEST_STEP][PASSED] - setText(findTestObject("page_Login/input__accountId"), "asdz119@naver.com"): Text 'asdz119@naver.com' is set on object 'Object Repository/page_Login/input__accountId'

2023-08-18 18:57:09 - [MESSAGE][PASSED] - Text 'asdz119@naver.com' is set on object 'Object Repository/page_Login/input__accountId'

2023-08-18 18:57:09 - [TEST_STEP][PASSED] - setEncryptedText(findTestObject("Object Repository/page_Login/input__accountPassword"), "kkEFCHjSSyhpCGd7KRSe/g=="): Text ****** has been set on object 'Object Repository/page_Login/input__accountPassword'

2023-08-18 18:57:11 - [MESSAGE][PASSED] - Text ****** has been set on object 'Object Repository/page_Login/input__accountPassword'

2023-08-18 18:57:11 - [TEST_STEP][PASSED] - click(findTestObject("Object Repository/page_Login/button_submit")): Object: 'Object Repository/page_Login/button_submit' is clicked on

2023-08-18 18:58:00 - [MESSAGE][PASSED] - Object: 'Object Repository/page_Login/button_submit' is clicked on

2023-08-18 18:58:00 - [TEST_STEP][PASSED] - verifyElementPresent(findTestObject("page_Login/globalHeader_logout"), 0): Object 'Object Repository/page_Login/globalHeader_logout' is present

2023-08-18 18:58:00 - [MESSAGE][WARNING] - Timeout '0' is invalid. Using default page load timeout: '30'

2023-08-18 18:58:04 - [MESSAGE][PASSED] - Object 'Object Repository/page_Login/globalHeader_logout' is present]]></system-out>
         <system-err><![CDATA[]]></system-err>
      </testcase>
      <testcase name="Test Cases/test_MyProfile/MyProfile_updateInfo" time="42.678" classname="Test Cases/test_MyProfile/MyProfile_updateInfo" status="PASSED">
         <system-out><![CDATA[2023-08-18 18:58:04 - [TEST_CASE][PASSED] - Test Cases/test_MyProfile/MyProfile_updateInfo: Test Cases/test_MyProfile/MyProfile_updateInfo

2023-08-18 18:58:04 - [TEST_STEP][NOT_RUN] - openBrowser(""): NOT_RUN: openBrowser("")

2023-08-18 18:58:04 - [MESSAGE][NOT_RUN] - NOT_RUN: openBrowser("")

2023-08-18 18:58:04 - [TEST_STEP][NOT_RUN] - navigateToUrl("https://www.wconcept.co.kr/Member/Login?rUrl=https%3A%2F%2Fwww.wconcept.co.kr%2F"): NOT_RUN: navigateToUrl("https://www.wconcept.co.kr/Member/Login?rUrl=https%3A%2F%2Fwww.wconcept.co.kr%2F")

2023-08-18 18:58:04 - [MESSAGE][NOT_RUN] - NOT_RUN: navigateToUrl("https://www.wconcept.co.kr/Member/Login?rUrl=https%3A%2F%2Fwww.wconcept.co.kr%2F")

2023-08-18 18:58:04 - [TEST_STEP][PASSED] - click(findTestObject("Object Repository/page_MyPage/globalHeader_myProfile")): Object: 'Object Repository/page_MyPage/globalHeader_myProfile' is clicked on

2023-08-18 18:58:31 - [MESSAGE][PASSED] - Object: 'Object Repository/page_MyPage/globalHeader_myProfile' is clicked on

2023-08-18 18:58:31 - [TEST_STEP][PASSED] - verifyElementPresent(findTestObject("Object Repository/page_MyPage/element_pageTitle"), 0): Object 'Object Repository/page_MyPage/element_pageTitle' is present

2023-08-18 18:58:31 - [MESSAGE][WARNING] - Timeout '0' is invalid. Using default page load timeout: '30'

2023-08-18 18:58:33 - [MESSAGE][PASSED] - Object 'Object Repository/page_MyPage/element_pageTitle' is present

2023-08-18 18:58:33 - [TEST_STEP][PASSED] - click(findTestObject("Object Repository/page_MyPage/element_editMyProfile")): Object: 'Object Repository/page_MyPage/element_editMyProfile' is clicked on

2023-08-18 18:58:36 - [MESSAGE][PASSED] - Object: 'Object Repository/page_MyPage/element_editMyProfile' is clicked on

2023-08-18 18:58:36 - [TEST_STEP][PASSED] - setEncryptedText(findTestObject("Object Repository/page_MyPage/input_accountPassword"), "kkEFCHjSSyhpCGd7KRSe/g=="): Text ****** has been set on object 'Object Repository/page_MyPage/input_accountPassword'

2023-08-18 18:58:37 - [MESSAGE][PASSED] - Text ****** has been set on object 'Object Repository/page_MyPage/input_accountPassword'

2023-08-18 18:58:37 - [TEST_STEP][PASSED] - click(findTestObject("Object Repository/page_MyPage/button_submit")): Object: 'Object Repository/page_MyPage/button_submit' is clicked on

2023-08-18 18:58:43 - [MESSAGE][PASSED] - Object: 'Object Repository/page_MyPage/button_submit' is clicked on

2023-08-18 18:58:43 - [TEST_STEP][PASSED] - verifyElementPresent(findTestObject("Object Repository/page_MyPage/h3_title"), 0): Object 'Object Repository/page_MyPage/h3_title' is present

2023-08-18 18:58:44 - [MESSAGE][WARNING] - Timeout '0' is invalid. Using default page load timeout: '30'

2023-08-18 18:58:44 - [MESSAGE][PASSED] - Object 'Object Repository/page_MyPage/h3_title' is present

2023-08-18 18:58:44 - [TEST_STEP][PASSED] - click(findTestObject("Object Repository/page_MyPage/button_edit")): Object: 'Object Repository/page_MyPage/button_edit' is clicked on

2023-08-18 18:58:47 - [MESSAGE][PASSED] - Object: 'Object Repository/page_MyPage/button_edit' is clicked on]]></system-out>
         <system-err><![CDATA[]]></system-err>
      </testcase>
      <system-out><![CDATA[2023-08-18 18:56:03 - [TEST_SUITE][PASSED] - UpdateInfo: Test Cases/test_MyProfile/MyProfile_updateInfo]]></system-out>
      <system-err><![CDATA[]]></system-err>
   </testsuite>
</testsuites>
