<?xml version="1.0" encoding="UTF-8"?>
<testsuites name="Login" time="279.093" tests="2" failures="0" errors="0">
   <testsuite name="Login" tests="2" failures="0" errors="0" time="279.093" skipped="0" timestamp="2023-08-16 20:00:41" hostname="sangmoon.choi - localhost" id="Test Suites/Login">
      <properties>
         <property name="deviceName" value=""/>
         <property name="devicePlatform" value=""/>
         <property name="logFolder" value="/Users/sangmoon.choi/git/Automation_Wconcept/Reports/20230816_200038/Login/20230816_200038"/>
         <property name="logFiles" value="/Users/sangmoon.choi/git/Automation_Wconcept/Reports/20230816_200038/Login/20230816_200038/execution0.log"/>
         <property name="attachments" value=""/>
         <property name="hostName" value="sangmoon.choi - localhost"/>
         <property name="os" value="Mac OS X 64bit"/>
         <property name="katalonVersion" value="8.6.5.208"/>
         <property name="browser" value="Chrome 115.0.0.0"/>
         <property name="hostAddress" value="127.0.0.1"/>
         <property name="sessionId" value="d369e3b4c0cc096141d9e320648fb044"/>
         <property name="seleniumVersion" value="3.141.59"/>
         <property name="proxyInformation" value="ProxyInformation { proxyOption=NO_PROXY, proxyServerType=HTTP, username=, password=********, proxyServerAddress=, proxyServerPort=0, executionList=&quot;&quot;, isApplyToDesiredCapabilities=true }"/>
         <property name="platform" value="Mac OS X"/>
      </properties>
      <testcase name="Test Cases/test_Login/Account_Login" time="229.274" classname="Test Cases/test_Login/Account_Login" status="PASSED">
         <system-out><![CDATA[2023-08-16 20:00:41 - [TEST_CASE][PASSED] - Test Cases/test_Login/Account_Login: Test Cases/test_Login/Account_Login

2023-08-16 20:00:42 - [TEST_STEP][PASSED] - openBrowser(""): Browser is opened with url: ''

2023-08-16 20:00:42 - [MESSAGE][INFO] - Starting 'Chrome' driver

2023-08-16 20:00:42 - [MESSAGE][INFO] - Action delay is set to 0 milliseconds

2023-08-16 20:00:49 - [MESSAGE][PASSED] - Browser is opened with url: ''

2023-08-16 20:00:49 - [TEST_STEP][PASSED] - navigateToUrl("https://www.wconcept.co.kr/"): Navigate to 'https://www.wconcept.co.kr/' successfully

2023-08-16 20:01:32 - [MESSAGE][PASSED] - Navigate to 'https://www.wconcept.co.kr/' successfully

2023-08-16 20:01:32 - [TEST_STEP][PASSED] - click(findTestObject("Object Repository/Page_Login/globalHeader_login")): Object: 'Object Repository/Page_Login/globalHeader_login' is clicked on

2023-08-16 20:02:20 - [MESSAGE][PASSED] - Object: 'Object Repository/Page_Login/globalHeader_login' is clicked on

2023-08-16 20:02:20 - [TEST_STEP][PASSED] - setText(findTestObject("Object Repository/Page_Login/input__accountid"), "asdz119@naver.com"): Text 'asdz119@naver.com' is set on object 'Object Repository/Page_Login/input__accountid'

2023-08-16 20:03:04 - [MESSAGE][PASSED] - Text 'asdz119@naver.com' is set on object 'Object Repository/Page_Login/input__accountid'

2023-08-16 20:03:04 - [TEST_STEP][PASSED] - setEncryptedText(findTestObject("Object Repository/Page_Login/input__accountPassword"), "kkEFCHjSSyhpCGd7KRSe/g=="): Text ****** has been set on object 'Object Repository/Page_Login/input__accountPassword'

2023-08-16 20:03:10 - [MESSAGE][PASSED] - Text ****** has been set on object 'Object Repository/Page_Login/input__accountPassword'

2023-08-16 20:03:10 - [TEST_STEP][PASSED] - click(findTestObject("Object Repository/Page_Login/button_submit")): Object: 'Object Repository/Page_Login/button_submit' is clicked on

2023-08-16 20:04:29 - [MESSAGE][PASSED] - Object: 'Object Repository/Page_Login/button_submit' is clicked on

2023-08-16 20:04:29 - [TEST_STEP][PASSED] - verifyElementPresent(findTestObject("Page_Login/globalHeader_logout"), 0): Object 'Object Repository/Page_Login/globalHeader_logout' is present

2023-08-16 20:04:29 - [MESSAGE][WARNING] - Timeout '0' is invalid. Using default page load timeout: '30'

2023-08-16 20:04:31 - [MESSAGE][PASSED] - Object 'Object Repository/Page_Login/globalHeader_logout' is present]]></system-out>
         <system-err><![CDATA[]]></system-err>
      </testcase>
      <testcase name="Test Cases/test_Login/Account_Logout" time="49.469" classname="Test Cases/test_Login/Account_Logout" status="PASSED">
         <system-out><![CDATA[2023-08-16 20:04:31 - [TEST_CASE][PASSED] - Test Cases/test_Login/Account_Logout: Test Cases/test_Login/Account_Logout

2023-08-16 20:04:31 - [TEST_STEP][PASSED] - click(findTestObject("Page_Login/globalHeader_logout")): Object: 'Object Repository/Page_Login/globalHeader_logout' is clicked on

2023-08-16 20:05:20 - [MESSAGE][PASSED] - Object: 'Object Repository/Page_Login/globalHeader_logout' is clicked on

2023-08-16 20:05:20 - [TEST_STEP][PASSED] - verifyElementPresent(findTestObject("Page_Login/globalHeader_login"), 0): Object 'Object Repository/Page_Login/globalHeader_login' is present

2023-08-16 20:05:20 - [MESSAGE][WARNING] - Timeout '0' is invalid. Using default page load timeout: '30'

2023-08-16 20:05:20 - [MESSAGE][PASSED] - Object 'Object Repository/Page_Login/globalHeader_login' is present]]></system-out>
         <system-err><![CDATA[]]></system-err>
      </testcase>
      <system-out><![CDATA[2023-08-16 20:00:41 - [TEST_SUITE][PASSED] - Login: Test Cases/test_Login/Account_Logout]]></system-out>
      <system-err><![CDATA[]]></system-err>
   </testsuite>
</testsuites>
